Data: ter 06 jun 2023 10:09:01 -04
Palavra aleatória:     Tóquio
Espaço livre: Usado GB
Espaço ocupado: Tam. GB
Espaço livre: 187G GB
Espaço ocupado: 25G GB
Arquivos na pasta Downloads:
total 2817232
-rw-rw-r-- 1 cliente cliente     560632 mai 23 09:30 Algoritmo do Relógio_Seminario.pdf
-rw-rw-r-- 1 cliente cliente     176996 mai 29 09:36 Atividade_Aula_25.pdf
-rw-rw-r-- 1 cliente cliente     224629 mai 25 08:54 Check_Distrito_SO-1.pdf
-rw-rw-r-- 1 cliente cliente     280664 jun  4 15:07 DCC402_-_Aula_10.pdf
-rw-rw-r-- 1 cliente cliente     132564 jun  4 15:07 DCC402_-_Aula_11.pdf
-rw-rw-r-- 1 cliente cliente     211242 jun  4 15:07 DCC402_-_Aula_12.pdf
-rw-rw-r-- 1 cliente cliente     819459 jun  4 17:32 DCC402_-_Aula_13.pdf
-rw-rw-r-- 1 cliente cliente 2779578368 jun  3 23:22 elementaryos-7.0-stable.20230129rc.iso
-rw-rw-r-- 1 cliente cliente     339636 mai 29 08:47 Final_Project_SO_2023.pdf
-rw-rw-r-- 1 cliente cliente     124707 mai 29 10:40 orcamento-1.pdf
-rw-rw-r-- 1 cliente cliente      89688 jun  5 23:08 orcamento-2.pdf
-rw-rw-r-- 1 cliente cliente     124767 mai 31 00:22 orcamento.pdf
-rw-rw-r-- 1 cliente cliente      71370 mai 25 09:12 OS_13_seminario_distro.pdf
-rw-rw-r-- 1 cliente cliente     519191 mai 29 08:37 OS_18e19_linux_try.pdf
-rw-rw-r-- 1 cliente cliente     847589 mai 29 08:37 OS_23_24_file_system-1.pdf
-rw-rw-r-- 1 cliente cliente     847589 mai 24 09:03 OS_23_24_file_system.pdf
-rw-rw-r-- 1 cliente cliente    1699043 jun  3 16:10 pdf_20230603_134042_0000.pdf
-rw-rw-r-- 1 cliente cliente      69172 mai 31 09:14 Projeto_Final___Sistemas_Operacionais.pdf
-rw-rw-r-- 1 cliente cliente    4606260 mai 24 09:00 Relátorio - Seminário.docx
-rw-rw-r-- 1 cliente cliente      37336 mai 24 23:02 REQUISITOS FUNCIONAIS - PROJETO CARAMELO.pdf
-rw-rw-r-- 1 cliente cliente      37306 jun  3 15:35 Screenshot 2023-06-03 at 15-35-53 Jitsi Meet.png
-rw-rw-r-- 1 cliente cliente      85375 jun  3 16:00 Screenshot 2023-06-03 at 16-00-21 Jitsi Meet.png
-rw-rw-r-- 1 cliente cliente     485612 jun  5 19:10 Screenshot 2023-06-05 at 19-10-13 O substituto inteligente capaz e ético para Windows e macOS ⋅ elementary OS.png
-rw-rw-r-- 1 cliente cliente     113697 jun  5 19:15 Screenshot 2023-06-05 at 19-14-43 Marca ⋅ elementary.png
-rw-rw-r-- 1 cliente cliente     106633 jun  5 19:15 Screenshot 2023-06-05 at 19-15-13 Marca ⋅ elementary.png
-rw-rw-r-- 1 cliente cliente   92606260 jun  4 23:21 virtualbox-7.0_7.0.8-156879~Ubuntu~jammy_amd64.deb
Número de imagens na pasta home: 713
Número de vídeos na pasta home: 0
Número de arquivos de música na pasta home: 0
